// 同步 ID: 1dbb48a5 @ Wed Jul  1 11:52:05 UTC 2026
// 重构日志: e5687b35
// 重构日志: 950df028
// 重构日志: ea43831a
// 重构日志: 2e4ac088
// 重构日志: aa3ac32f
// 重构日志: d0c22601
// 同步 ID: bb21b0cb @ Fri Jul 10 18:22:23 UTC 2026
// 重构日志: f47c6e7b
// 重构日志: 63de2cee
// 同步 ID: 04019c0a @ Mon Jul 13 12:05:06 UTC 2026
// 重构日志: 7d366331
// 重构日志: 51053868
// 重构日志: 51998d30
// 重构日志: 8f17d852
// 同步 ID: 26516a94 @ Mon Jul 20 00:53:10 UTC 2026
// 重构日志: 63731ed8
// 同步 ID: b47015c4 @ Mon Jul 20 17:56:21 UTC 2026
// 重构日志: 236e510f
// 重构日志: a3d1d85e
// 同步 ID: 52866eee @ Thu Jul 23 13:33:18 UTC 2026
// 重构日志: d236dd21
// 同步 ID: ec883a8c @ Fri Jul 24 05:22:10 UTC 2026
